<?xml version="1.0" encoding="UTF-8"?>
<!-- Generated by org.testng.reporters.JUnitReportReporter -->
<testsuite hostname="LAPTOP-LMG0CP13" failures="0" tests="1" name="com.WebstaurantStore.tests.WebstaurantStoreTests" time="17.976" errors="0" timestamp="2021-11-16T19:13:10 EST" skipped="0">
  <testcase classname="com.WebstaurantStore.tests.WebstaurantStoreTests" name="searchForStainlessWorkTable" time="17.976"/>
  <system-out/>
</testsuite> <!-- com.WebstaurantStore.tests.WebstaurantStoreTests -->
