<?xml version="1.0" encoding="UTF-8"?>
<!-- Generated by org.testng.reporters.JUnitReportReporter -->
<testsuite hostname="LAPTOP-LMG0CP13" failures="0" tests="1" name="com.WebstaurantStore.tests.HomePageTest" time="25.970" errors="0" timestamp="2021-11-16T16:21:26 EST" skipped="0">
  <testcase classname="com.WebstaurantStore.tests.HomePageTest" name="searchForStainlessWorkTable" time="25.970"/>
  <system-out/>
</testsuite> <!-- com.WebstaurantStore.tests.HomePageTest -->
